<?xml version="1.0" encoding="UTF-8"?>
<testsuites name="TestSuite1" time="16" tests="1" failures="0" errors="0">
   <testsuite name="TestSuite1" tests="1" failures="0" errors="0" time="16" timestamp="2019-02-08 12:53:47" hostname="TH-Seema - DESKTOP-3ARNFU0" id="Test Suites/TestSuite1">
      <properties>
         <property name="deviceName" value=""/>
         <property name="devicePlatform" value=""/>
         <property name="logFolder" value="C:\\Users\\TH-Seema\\Katalon Studio\\API testing\\API Demo Project 1\\Reports\\TestSuite1\\20190208_125335"/>
         <property name="logFiles" value="C:\\Users\\TH-Seema\\Katalon Studio\\API testing\\API Demo Project 1\\Reports\\TestSuite1\\20190208_125335\\execution0.log"/>
         <property name="attachments" value=""/>
         <property name="hostName" value="TH-Seema - DESKTOP-3ARNFU0"/>
         <property name="hostAddress" value="192.168.0.101"/>
         <property name="os" value="Windows 10 64bit"/>
         <property name="katalonVersion" value="5.10.1.1"/>
      </properties>
      <testcase name="Test Cases/ListUserscases" classname="Test Cases/ListUserscases" status="PASSED">
         <system-out><![CDATA[2019-02-08 12:53:48 - [TEST_CASE][PASSED] - Test Cases/ListUserscases: Test Cases/ListUserscases

2019-02-08 12:53:49 - [TEST_STEP][PASSED] - sendRequest(findTestObject("Users REST service/List Users")): Send request successfully

2019-02-08 12:54:00 - [MESSAGE][INFO] - HAR: C:\Users\TH-Seema\Katalon Studio\API testing\API Demo Project 1\Reports\TestSuite1\20190208_125335\requests\main\0.har

2019-02-08 12:54:01 - [MESSAGE][PASSED] - Send request successfully

2019-02-08 12:54:01 - [TEST_STEP][PASSED] - response = sendRequestAndVerify(findTestObject("Users REST service/List Users")): Send request and verify the response successfully

2019-02-08 12:54:02 - [TEST_CASE][PASSED] - Start Test Case : Verification: Verification accomplished successfully

2019-02-08 12:54:02 - [TEST_STEP][PASSED] - request = getInstance().getCurrentRequest(): null

2019-02-08 12:54:03 - [TEST_STEP][PASSED] - response = getInstance().getCurrentResponse(): null

2019-02-08 12:54:03 - [TEST_STEP][PASSED] - verifyResponseStatusCode(response, 200): Verify response status code successfully

2019-02-08 12:54:03 - [MESSAGE][PASSED] - Verify response status code successfully

2019-02-08 12:54:03 - [TEST_STEP][PASSED] - getStatusCode()).isEqualTo(200): null

2019-02-08 12:54:03 - [TEST_STEP][PASSED] - verifyElementPropertyValue(response, "data[1].first_name", "Charles"): Verify element property value successfully

2019-02-08 12:54:03 - [MESSAGE][PASSED] - Verify element property value successfully

2019-02-08 12:54:03 - [MESSAGE][PASSED] - Verify response successfully

2019-02-08 12:54:03 - [MESSAGE][PASSED] - Send request and verify the response successfully

2019-02-08 12:54:03 - [TEST_STEP][PASSED] - verifyElementPropertyValue(response, "data[1].first_name", "Charles"): Verify element property value successfully

2019-02-08 12:54:03 - [MESSAGE][PASSED] - Verify element property value successfully

2019-02-08 12:54:03 - [TEST_STEP][PASSED] - verifyElementPropertyValue(response, "data[2].id", "6"): Verify element property value successfully

2019-02-08 12:54:03 - [MESSAGE][PASSED] - Verify element property value successfully

2019-02-08 12:54:03 - [TEST_STEP][PASSED] - verifyElementsCount(response, "data", 3): Verify element count successfully

2019-02-08 12:54:03 - [MESSAGE][PASSED] - Verify element count successfully

2019-02-08 12:54:03 - [TEST_STEP][PASSED] - verifyResponseStatusCodeInRange(response, 100, 200): Verify response status code successfully

2019-02-08 12:54:03 - [MESSAGE][PASSED] - Verify response status code successfully]]></system-out>
         <system-err><![CDATA[]]></system-err>
      </testcase>
      <system-out><![CDATA[2019-02-08 12:53:47 - [TEST_SUITE][PASSED] - TestSuite1: Test Cases/ListUserscases]]></system-out>
      <system-err><![CDATA[]]></system-err>
   </testsuite>
</testsuites>
